0 info it worked if it ends with ok
1 verbose cli [ 'node',
1 verbose cli   '/usr/local/bin/npm',
1 verbose cli   'install',
1 verbose cli   'grunt-contrib-watch--save-dev' ]
2 info using npm@1.4.28
3 info using node@v0.10.32
4 warn package.json portfolio@1.0.0 No README data
5 verbose readDependencies using package.json deps
6 verbose cache add [ 'grunt-contrib-watch--save-dev', null ]
7 verbose cache add name=undefined spec="grunt-contrib-watch--save-dev" args=["grunt-contrib-watch--save-dev",null]
8 verbose parsed url { protocol: null,
8 verbose parsed url   slashes: null,
8 verbose parsed url   auth: null,
8 verbose parsed url   host: null,
8 verbose parsed url   port: null,
8 verbose parsed url   hostname: null,
8 verbose parsed url   hash: null,
8 verbose parsed url   search: null,
8 verbose parsed url   query: null,
8 verbose parsed url   pathname: 'grunt-contrib-watch--save-dev',
8 verbose parsed url   path: 'grunt-contrib-watch--save-dev',
8 verbose parsed url   href: 'grunt-contrib-watch--save-dev' }
9 silly lockFile 02cbbf66-grunt-contrib-watch-save-dev grunt-contrib-watch--save-dev
10 verbose lock grunt-contrib-watch--save-dev /Users/francinenavarro/.npm/02cbbf66-grunt-contrib-watch-save-dev.lock
11 silly lockFile 02cbbf66-grunt-contrib-watch-save-dev grunt-contrib-watch--save-dev
12 silly lockFile 02cbbf66-grunt-contrib-watch-save-dev grunt-contrib-watch--save-dev
13 verbose addNamed [ 'grunt-contrib-watch--save-dev', '' ]
14 verbose addNamed [ null, '*' ]
15 silly lockFile e63b2117-grunt-contrib-watch-save-dev grunt-contrib-watch--save-dev@
16 verbose lock grunt-contrib-watch--save-dev@ /Users/francinenavarro/.npm/e63b2117-grunt-contrib-watch-save-dev.lock
17 silly addNameRange { name: 'grunt-contrib-watch--save-dev',
17 silly addNameRange   range: '*',
17 silly addNameRange   hasData: false }
18 verbose request where is /grunt-contrib-watch--save-dev
19 verbose request registry https://registry.npmjs.org/
20 verbose request id eafedf9ebcac2fcd
21 verbose url raw /grunt-contrib-watch--save-dev
22 verbose url resolving [ 'https://registry.npmjs.org/',
22 verbose url resolving   './grunt-contrib-watch--save-dev' ]
23 verbose url resolved https://registry.npmjs.org/grunt-contrib-watch--save-dev
24 verbose request where is https://registry.npmjs.org/grunt-contrib-watch--save-dev
25 info trying registry request attempt 1 at 22:53:41
26 http GET https://registry.npmjs.org/grunt-contrib-watch--save-dev
27 http 404 https://registry.npmjs.org/grunt-contrib-watch--save-dev
28 verbose headers { date: 'Thu, 06 Nov 2014 03:53:42 GMT',
28 verbose headers   server: 'CouchDB/1.5.0 (Erlang OTP/R16B03)',
28 verbose headers   'content-type': 'application/json',
28 verbose headers   'cache-control': 'max-age=0',
28 verbose headers   'content-length': '52',
28 verbose headers   'accept-ranges': 'bytes',
28 verbose headers   via: '1.1 varnish',
28 verbose headers   age: '0',
28 verbose headers   'x-served-by': 'cache-sjc3124-SJC',
28 verbose headers   'x-cache': 'MISS',
28 verbose headers   'x-cache-hits': '0',
28 verbose headers   'x-timer': 'S1415246022.289512,VS0,VE36',
28 verbose headers   'keep-alive': 'timeout=10, max=50',
28 verbose headers   connection: 'Keep-Alive' }
29 silly registry.get cb [ 404,
29 silly registry.get   { date: 'Thu, 06 Nov 2014 03:53:42 GMT',
29 silly registry.get     server: 'CouchDB/1.5.0 (Erlang OTP/R16B03)',
29 silly registry.get     'content-type': 'application/json',
29 silly registry.get     'cache-control': 'max-age=0',
29 silly registry.get     'content-length': '52',
29 silly registry.get     'accept-ranges': 'bytes',
29 silly registry.get     via: '1.1 varnish',
29 silly registry.get     age: '0',
29 silly registry.get     'x-served-by': 'cache-sjc3124-SJC',
29 silly registry.get     'x-cache': 'MISS',
29 silly registry.get     'x-cache-hits': '0',
29 silly registry.get     'x-timer': 'S1415246022.289512,VS0,VE36',
29 silly registry.get     'keep-alive': 'timeout=10, max=50',
29 silly registry.get     connection: 'Keep-Alive' } ]
30 silly lockFile e63b2117-grunt-contrib-watch-save-dev grunt-contrib-watch--save-dev@
31 silly lockFile e63b2117-grunt-contrib-watch-save-dev grunt-contrib-watch--save-dev@
32 error 404 404 Not Found: grunt-contrib-watch--save-dev
32 error 404
32 error 404 'grunt-contrib-watch--save-dev' is not in the npm registry.
32 error 404 You should bug the author to publish it
32 error 404 It was specified as a dependency of 'portfolio'
32 error 404
32 error 404 Note that you can also install from a
32 error 404 tarball, folder, or http url, or git url.
33 error System Darwin 13.4.0
34 error command "node" "/usr/local/bin/npm" "install" "grunt-contrib-watch--save-dev"
35 error cwd /Users/francinenavarro/Dropbox/SITES/portfolio
36 error node -v v0.10.32
37 error npm -v 1.4.28
38 error code E404
39 verbose exit [ 1, true ]
